<?xml version="1.0" encoding="UTF-8"?>
<!-- Generated by org.testng.reporters.JUnitReportReporter -->
<testsuite skipped="0" hostname="Ashoks-MacBook-Air.local" name="com.krn.actitime.testcases.LoginPageTest" tests="3" failures="0" timestamp="2021-03-28T17:16:40 BST" time="21.402" errors="0">
  <testcase name="loginPageTitleTest" time="8.749" classname="com.krn.actitime.testcases.LoginPageTest"/>
  <system-out/>
  <testcase name="logPageLogoTest" time="6.095" classname="com.krn.actitime.testcases.LoginPageTest"/>
  <system-out/>
  <testcase name="loginTest" time="6.558" classname="com.krn.actitime.testcases.LoginPageTest"/>
  <system-out/>
</testsuite> <!-- com.krn.actitime.testcases.LoginPageTest -->
