<?xml version="1.0" encoding="UTF-8"?>
<!-- Generated by org.testng.reporters.JUnitReportReporter -->
<testsuite skipped="0" hostname="Ashoks-MacBook-Air.local" name="com.krn.actitime.testdata.LoginPageTest" tests="1" failures="0" timestamp="2021-03-27T22:58:22 GMT" time="4.555" errors="0">
  <testcase name="browseropen" time="4.555" classname="com.krn.actitime.testdata.LoginPageTest"/>
  <system-out/>
</testsuite> <!-- com.krn.actitime.testdata.LoginPageTest -->
